2026-01-21 15:14:22,108 INFO __main__ Created data directory: /home/kevin/coding/harbour_bridge/data/20260121-151422
2026-01-21 15:14:22,108 INFO __main__ SQLSERVER_CONN_STR not set; skipping database writes
2026-01-21 15:14:22,109 INFO __main__ Starting pipeline for 1 tickers
2026-01-21 15:14:22,109 INFO __main__ Processing ticker: AAPL.US
2026-01-21 15:14:22,109 INFO __main__ Fetching fundamentals for AAPL.US
2026-01-21 15:14:22,113 DEBUG urllib3.connectionpool Starting new HTTPS connection (1): eodhd.com:443
2026-01-21 15:14:22,901 DEBUG urllib3.connectionpool https://eodhd.com:443 "GET /api/fundamentals/AAPL.US?api_token=DEMO&fmt=json HTTP/1.1" 200 None
2026-01-21 15:14:23,197 DEBUG __main__ Received fundamentals payload keys: ['AnalystRatings', 'ESGScores', 'Earnings', 'Financials', 'General', 'Highlights', 'Holders', 'InsiderTransactions', 'SharesStats', 'SplitsDividends', 'Technicals', 'Valuation', 'outstandingShares']
2026-01-21 15:14:23,248 DEBUG src.io.storage Saved raw payload to /home/kevin/coding/harbour_bridge/data/20260121-151422/AAPL.US.json
2026-01-21 15:14:23,248 DEBUG src.logic.historic_builder Parsed 41 share-date entries
2026-01-21 15:14:23,249 DEBUG src.logic.historic_builder EODHD yearly records: income=41 balance=41 cashflow=37 merged=41
2026-01-21 15:14:23,249 DEBUG src.logic.historic_builder Attached shares to 0 records
2026-01-21 15:14:23,249 DEBUG src.logic.historic_builder Extracted 41 records
2026-01-21 15:14:23,261 INFO src.logic.historic_builder ebitda mismatch for AAPL 1992-09-30: calculated=1022900000.0 reported=1081332000.0
2026-01-21 15:14:23,262 INFO src.logic.historic_builder ebitda mismatch for AAPL 1993-09-30: calculated=276100000.0 reported=318000000.0
2026-01-21 15:14:23,262 INFO src.logic.historic_builder ebitda mismatch for AAPL 1994-09-30: calculated=690232000.0 reported=708000000.0
2026-01-21 15:14:23,262 INFO src.logic.historic_builder ebitda mismatch for AAPL 1995-09-30: calculated=811000000.0 reported=849000000.0
2026-01-21 15:14:23,263 INFO src.logic.historic_builder ebitda mismatch for AAPL 1996-09-30: calculated=-1267000000.0 reported=-1119000000.0
2026-01-21 15:14:23,263 INFO src.logic.historic_builder ebitda mismatch for AAPL 1997-09-30: calculated=-952000000.0 reported=-856000000.0
2026-01-21 15:14:23,263 INFO src.logic.historic_builder net_income mismatch for AAPL 1997-09-30: calculated=-1326000000.0 reported=-1045000000.0
2026-01-21 15:14:23,263 INFO src.logic.historic_builder ebitda mismatch for AAPL 1998-09-30: calculated=372000000.0 reported=502000000.0
2026-01-21 15:14:23,264 INFO src.logic.historic_builder ebitda mismatch for AAPL 1999-09-30: calculated=444000000.0 reported=808000000.0
2026-01-21 15:14:23,264 INFO src.logic.historic_builder ebitda mismatch for AAPL 2000-09-30: calculated=606000000.0 reported=1197000000.0
2026-01-21 15:14:23,264 INFO src.logic.historic_builder ebitda mismatch for AAPL 2001-09-30: calculated=-244000000.0 reported=64000000.0
2026-01-21 15:14:23,264 INFO src.logic.historic_builder ebitda mismatch for AAPL 2002-09-30: calculated=131000000.0 reported=212000000.0
2026-01-21 15:14:23,265 INFO src.logic.historic_builder ebitda mismatch for AAPL 2003-09-30: calculated=112000000.0 reported=138000000.0
2026-01-21 15:14:23,265 INFO src.logic.historic_builder gross_costs mismatch for AAPL 2004-09-30: calculated=-6020000000.0 reported=-6022000000.0
2026-01-21 15:14:23,265 INFO src.logic.historic_builder ebitda mismatch for AAPL 2004-09-30: calculated=463000000.0 reported=523000000.0
2026-01-21 15:14:23,265 INFO src.logic.historic_builder net_income mismatch for AAPL 2004-09-30: calculated=266000000.0 reported=276000000.0
2026-01-21 15:14:23,266 INFO src.logic.historic_builder net_income mismatch for AAPL 2005-09-30: calculated=1328000000.0 reported=1335000000.0
2026-01-21 15:14:23,266 INFO src.logic.historic_builder ebitda mismatch for AAPL 2007-09-30: calculated=4726000000.0 reported=4724000000.0
2026-01-21 15:14:23,266 INFO src.logic.historic_builder free_cash_flow mismatch for AAPL 2007-09-30: calculated=4735000000.0 reported=4484000000.0
2026-01-21 15:14:23,266 INFO src.logic.historic_builder ebitda mismatch for AAPL 2008-09-30: calculated=6684000000.0 reported=7304000000.0
2026-01-21 15:14:23,267 INFO src.logic.historic_builder free_cash_flow mismatch for AAPL 2008-09-30: calculated=8505000000.0 reported=8397000000.0
2026-01-21 15:14:23,267 INFO src.logic.historic_builder net_income mismatch for AAPL 2009-09-30: calculated=8235000000.0 reported=5704000000.0
2026-01-21 15:14:23,267 INFO src.logic.historic_builder free_cash_flow mismatch for AAPL 2009-09-30: calculated=9015000000.0 reported=8946000000.0
2026-01-21 15:14:23,267 INFO src.logic.historic_builder free_cash_flow mismatch for AAPL 2010-09-30: calculated=16590000000.0 reported=16474000000.0
2026-01-21 15:14:23,267 INFO src.logic.historic_builder ebitda mismatch for AAPL 2011-09-30: calculated=35604000000.0 reported=36019000000.0
2026-01-21 15:14:23,268 INFO src.logic.historic_builder free_cash_flow mismatch for AAPL 2011-09-30: calculated=33269000000.0 reported=30077000000.0
2026-01-21 15:14:23,268 INFO src.logic.historic_builder ebitda mismatch for AAPL 2012-09-30: calculated=58518000000.0 reported=59040000000.0
2026-01-21 15:14:23,268 INFO src.logic.historic_builder free_cash_flow mismatch for AAPL 2012-09-30: calculated=42561000000.0 reported=41454000000.0
2026-01-21 15:14:23,269 INFO src.logic.historic_builder ebitda mismatch for AAPL 2013-09-30: calculated=55756000000.0 reported=57048000000.0
2026-01-21 15:14:23,269 INFO src.logic.historic_builder free_cash_flow mismatch for AAPL 2013-09-30: calculated=45501000000.0 reported=44590000000.0
2026-01-21 15:14:23,269 INFO src.logic.historic_builder ebitda mismatch for AAPL 2014-09-30: calculated=60449000000.0 reported=61813000000.0
2026-01-21 15:14:23,270 INFO src.logic.historic_builder free_cash_flow mismatch for AAPL 2014-09-30: calculated=50142000000.0 reported=49900000000.0
2026-01-21 15:14:23,270 INFO src.logic.historic_builder ebitda mismatch for AAPL 2015-09-30: calculated=82487000000.0 reported=84505000000.0
2026-01-21 15:14:23,270 INFO src.logic.historic_builder free_cash_flow mismatch for AAPL 2015-09-30: calculated=70019000000.0 reported=69778000000.0
2026-01-21 15:14:23,270 INFO src.logic.historic_builder ebitda mismatch for AAPL 2016-09-30: calculated=70529000000.0 reported=73333000000.0
2026-01-21 15:14:23,270 INFO src.logic.historic_builder free_cash_flow mismatch for AAPL 2016-09-30: calculated=53090000000.0 reported=52276000000.0
2026-01-21 15:14:23,270 INFO src.logic.historic_builder ebitda mismatch for AAPL 2017-09-30: calculated=71501000000.0 reported=76569000000.0
2026-01-21 15:14:23,270 INFO src.logic.historic_builder free_cash_flow mismatch for AAPL 2017-09-30: calculated=51147000000.0 reported=50803000000.0
2026-01-21 15:14:23,271 INFO src.logic.historic_builder ebitda mismatch for AAPL 2018-09-30: calculated=81801000000.0 reported=87046000000.0
2026-01-21 15:14:23,271 INFO src.logic.historic_builder ebitda mismatch for AAPL 2019-09-30: calculated=76477000000.0 reported=81860000000.0
2026-01-21 15:14:23,271 INFO src.logic.historic_builder ebitda mismatch for AAPL 2020-09-30: calculated=77344000000.0 reported=81020000000.0
2026-01-21 15:14:23,271 INFO src.logic.historic_builder ebitda mismatch for AAPL 2021-09-30: calculated=120233000000.0 reported=123136000000.0
2026-01-21 15:14:23,272 INFO src.logic.historic_builder ebitda mismatch for AAPL 2025-09-30: calculated=144748000000.0 reported=144427000000.0
2026-01-21 15:14:23,272 DEBUG src.logic.historic_builder Built 41 LineItems entries
2026-01-21 15:14:23,274 DEBUG src.logic.forecasting Forecasting period 2026-09-30
2026-01-21 15:14:23,274 DEBUG src.logic.forecasting Forecasting period 2027-09-30
2026-01-21 15:14:23,274 DEBUG src.logic.forecasting Forecasting period 2028-09-30
2026-01-21 15:14:23,274 DEBUG src.logic.forecasting Forecasting period 2029-09-30
2026-01-21 15:14:23,275 DEBUG src.logic.forecasting Forecasting period 2030-09-30
2026-01-21 15:14:23,275 DEBUG src.logic.forecasting Forecasting period 2031-09-30
2026-01-21 15:14:23,275 DEBUG src.logic.forecasting Generated 6 forecast periods
2026-01-21 15:14:23,283 DEBUG src.io.storage Saved share data to /home/kevin/coding/harbour_bridge/data/AAPL.US.json
2026-01-21 15:14:23,283 DEBUG src.io.reporting Exporting 47 periods to /home/kevin/coding/harbour_bridge/results/20260121-151422/AAPL.US.xlsx
2026-01-21 15:14:23,876 INFO __main__ Pipeline complete
