2026-01-21 13:44:08,874 INFO __main__ Starting pipeline for 1 tickers
2026-01-21 13:44:08,875 INFO __main__ Processing ticker: AAPL.US
2026-01-21 13:44:08,875 INFO __main__ Fetching fundamentals for AAPL.US
2026-01-21 13:44:08,880 DEBUG urllib3.connectionpool Starting new HTTPS connection (1): eodhd.com:443
2026-01-21 13:44:09,715 DEBUG urllib3.connectionpool https://eodhd.com:443 "GET /api/fundamentals/AAPL.US?api_token=DEMO&fmt=json HTTP/1.1" 200 None
2026-01-21 13:44:10,014 DEBUG __main__ Received fundamentals payload keys: ['AnalystRatings', 'ESGScores', 'Earnings', 'Financials', 'General', 'Highlights', 'Holders', 'InsiderTransactions', 'SharesStats', 'SplitsDividends', 'Technicals', 'Valuation', 'outstandingShares']
2026-01-21 13:44:10,016 DEBUG src.logic.historic_builder Parsed 41 share-date entries
2026-01-21 13:44:10,017 DEBUG src.logic.historic_builder EODHD yearly records: income=41 balance=41 cashflow=37 merged=41
2026-01-21 13:44:10,017 DEBUG src.logic.historic_builder Attached shares to 0 records
2026-01-21 13:44:10,017 DEBUG src.logic.historic_builder Extracted 41 records
2026-01-21 13:44:10,029 INFO src.logic.historic_builder ebitda mismatch: calculated=1022900000.0 reported=1081332000.0
2026-01-21 13:44:10,029 INFO src.logic.historic_builder ebitda mismatch: calculated=276100000.0 reported=318000000.0
2026-01-21 13:44:10,030 INFO src.logic.historic_builder ebitda mismatch: calculated=690232000.0 reported=708000000.0
2026-01-21 13:44:10,030 INFO src.logic.historic_builder ebitda mismatch: calculated=811000000.0 reported=849000000.0
2026-01-21 13:44:10,030 INFO src.logic.historic_builder ebitda mismatch: calculated=-1267000000.0 reported=-1119000000.0
2026-01-21 13:44:10,031 INFO src.logic.historic_builder ebitda mismatch: calculated=-952000000.0 reported=-856000000.0
2026-01-21 13:44:10,031 INFO src.logic.historic_builder net_income mismatch: calculated=-1326000000.0 reported=-1045000000.0
2026-01-21 13:44:10,031 INFO src.logic.historic_builder ebitda mismatch: calculated=372000000.0 reported=502000000.0
2026-01-21 13:44:10,032 INFO src.logic.historic_builder ebitda mismatch: calculated=444000000.0 reported=808000000.0
2026-01-21 13:44:10,032 INFO src.logic.historic_builder ebitda mismatch: calculated=606000000.0 reported=1197000000.0
2026-01-21 13:44:10,032 INFO src.logic.historic_builder ebitda mismatch: calculated=-244000000.0 reported=64000000.0
2026-01-21 13:44:10,032 INFO src.logic.historic_builder ebitda mismatch: calculated=131000000.0 reported=212000000.0
2026-01-21 13:44:10,033 INFO src.logic.historic_builder ebitda mismatch: calculated=112000000.0 reported=138000000.0
2026-01-21 13:44:10,033 INFO src.logic.historic_builder gross_costs mismatch: calculated=-6020000000.0 reported=-6022000000.0
2026-01-21 13:44:10,033 INFO src.logic.historic_builder ebitda mismatch: calculated=463000000.0 reported=523000000.0
2026-01-21 13:44:10,033 INFO src.logic.historic_builder net_income mismatch: calculated=266000000.0 reported=276000000.0
2026-01-21 13:44:10,033 INFO src.logic.historic_builder net_income mismatch: calculated=1328000000.0 reported=1335000000.0
2026-01-21 13:44:10,034 INFO src.logic.historic_builder ebitda mismatch: calculated=4726000000.0 reported=4724000000.0
2026-01-21 13:44:10,035 INFO src.logic.historic_builder free_cash_flow mismatch: calculated=4735000000.0 reported=4484000000.0
2026-01-21 13:44:10,035 INFO src.logic.historic_builder ebitda mismatch: calculated=6684000000.0 reported=7304000000.0
2026-01-21 13:44:10,035 INFO src.logic.historic_builder free_cash_flow mismatch: calculated=8505000000.0 reported=8397000000.0
2026-01-21 13:44:10,035 INFO src.logic.historic_builder net_income mismatch: calculated=8235000000.0 reported=5704000000.0
2026-01-21 13:44:10,036 INFO src.logic.historic_builder free_cash_flow mismatch: calculated=9015000000.0 reported=8946000000.0
2026-01-21 13:44:10,036 INFO src.logic.historic_builder free_cash_flow mismatch: calculated=16590000000.0 reported=16474000000.0
2026-01-21 13:44:10,036 INFO src.logic.historic_builder ebitda mismatch: calculated=35604000000.0 reported=36019000000.0
2026-01-21 13:44:10,037 INFO src.logic.historic_builder free_cash_flow mismatch: calculated=33269000000.0 reported=30077000000.0
2026-01-21 13:44:10,037 INFO src.logic.historic_builder ebitda mismatch: calculated=58518000000.0 reported=59040000000.0
2026-01-21 13:44:10,038 INFO src.logic.historic_builder free_cash_flow mismatch: calculated=42561000000.0 reported=41454000000.0
2026-01-21 13:44:10,038 INFO src.logic.historic_builder ebitda mismatch: calculated=55756000000.0 reported=57048000000.0
2026-01-21 13:44:10,038 INFO src.logic.historic_builder free_cash_flow mismatch: calculated=45501000000.0 reported=44590000000.0
2026-01-21 13:44:10,038 INFO src.logic.historic_builder ebitda mismatch: calculated=60449000000.0 reported=61813000000.0
2026-01-21 13:44:10,039 INFO src.logic.historic_builder free_cash_flow mismatch: calculated=50142000000.0 reported=49900000000.0
2026-01-21 13:44:10,039 INFO src.logic.historic_builder ebitda mismatch: calculated=82487000000.0 reported=84505000000.0
2026-01-21 13:44:10,039 INFO src.logic.historic_builder free_cash_flow mismatch: calculated=70019000000.0 reported=69778000000.0
2026-01-21 13:44:10,039 INFO src.logic.historic_builder ebitda mismatch: calculated=70529000000.0 reported=73333000000.0
2026-01-21 13:44:10,039 INFO src.logic.historic_builder free_cash_flow mismatch: calculated=53090000000.0 reported=52276000000.0
2026-01-21 13:44:10,040 INFO src.logic.historic_builder ebitda mismatch: calculated=71501000000.0 reported=76569000000.0
2026-01-21 13:44:10,040 INFO src.logic.historic_builder free_cash_flow mismatch: calculated=51147000000.0 reported=50803000000.0
2026-01-21 13:44:10,040 INFO src.logic.historic_builder ebitda mismatch: calculated=81801000000.0 reported=87046000000.0
2026-01-21 13:44:10,041 INFO src.logic.historic_builder ebitda mismatch: calculated=76477000000.0 reported=81860000000.0
2026-01-21 13:44:10,041 INFO src.logic.historic_builder ebitda mismatch: calculated=77344000000.0 reported=81020000000.0
2026-01-21 13:44:10,041 INFO src.logic.historic_builder ebitda mismatch: calculated=120233000000.0 reported=123136000000.0
2026-01-21 13:44:10,042 INFO src.logic.historic_builder ebitda mismatch: calculated=144748000000.0 reported=144427000000.0
2026-01-21 13:44:10,042 DEBUG src.logic.historic_builder Built 41 LineItems entries
2026-01-21 13:44:10,046 DEBUG src.logic.forecasting Forecasting period 2026-09-30
2026-01-21 13:44:10,046 DEBUG src.logic.forecasting Forecasting period 2027-09-30
2026-01-21 13:44:10,046 DEBUG src.logic.forecasting Forecasting period 2028-09-30
2026-01-21 13:44:10,046 DEBUG src.logic.forecasting Forecasting period 2029-09-30
2026-01-21 13:44:10,047 DEBUG src.logic.forecasting Forecasting period 2030-09-30
2026-01-21 13:44:10,047 DEBUG src.logic.forecasting Forecasting period 2031-09-30
2026-01-21 13:44:10,047 DEBUG src.logic.forecasting Generated 6 forecast periods
2026-01-21 13:44:10,064 DEBUG src.io.storage Saved share data to /home/kevin/coding/harbour_bridge/data/AAPL.US.json
2026-01-21 13:44:10,065 DEBUG src.io.reporting Exporting 47 periods to /home/kevin/coding/harbour_bridge/results/20260121-134408/AAPL.US.xlsx
2026-01-21 13:44:10,747 INFO __main__ Pipeline complete
